Flow report for ulala
Sun Sep 30 00:28:38 2018
Quartus II Version 9.1 Build 350 03/24/2010 Service Pack 2 SJ Web Edition


---------------------
; Table of Contents ;
---------------------
  1. Legal Notice
  2. Flow Summary
  3. Flow Settings
  4. Flow Non-Default Global Settings
  5. Flow Elapsed Time
  6. Flow OS Summary
  7. Flow Log



----------------
; Legal Notice ;
----------------
Copyright (C) 1991-2010 Altera Corporation
Your use of Altera Corporation's design tools, logic functions 
and other software and tools, and its AMPP partner logic 
functions, and any output files from any of the foregoing 
(including device programming or simulation files), and any 
associated documentation or information are expressly subject 
to the terms and conditions of the Altera Program License 
Subscription Agreement, Altera MegaCore Function License 
Agreement, or other applicable license agreement, including, 
without limitation, that your use is for the sole purpose of 
programming logic devices manufactured by Altera and sold by 
Altera or its authorized distributors.  Please refer to the 
applicable agreement for further details.



+-----------------------------------------------------------------------------------+
; Flow Summary                                                                      ;
+------------------------------------+----------------------------------------------+
; Flow Status                        ; Successful - Sun Sep 30 00:28:38 2018        ;
; Quartus II Version                 ; 9.1 Build 350 03/24/2010 SP 2 SJ Web Edition ;
; Revision Name                      ; ulala                                        ;
; Top-level Entity Name              ; ula                                          ;
; Family                             ; Cyclone IV E                                 ;
; Device                             ; EP4CE115F29C7                                ;
; Timing Models                      ; Preliminary                                  ;
; Met timing requirements            ; N/A                                          ;
; Total logic elements               ; 195 / 114,480 ( < 1 % )                      ;
;     Total combinational functions  ; 195 / 114,480 ( < 1 % )                      ;
;     Dedicated logic registers      ; 0 / 114,480 ( 0 % )                          ;
; Total registers                    ; 0                                            ;
; Total pins                         ; 62 / 529 ( 12 % )                            ;
; Total virtual pins                 ; 0                                            ;
; Total memory bits                  ; 0 / 3,981,312 ( 0 % )                        ;
; Embedded Multiplier 9-bit elements ; 0 / 532 ( 0 % )                              ;
; Total PLLs                         ; 0 / 4 ( 0 % )                                ;
+------------------------------------+----------------------------------------------+


+-----------------------------------------+
; Flow Settings                           ;
+-------------------+---------------------+
; Option            ; Setting             ;
+-------------------+---------------------+
; Start date & time ; 09/30/2018 00:28:10 ;
; Main task         ; Compilation         ;
; Revision Name     ; ulala               ;
+-------------------+---------------------+


+-------------------------------------------------------------------------------------------------------------------------------+
; Flow Non-Default Global Settings                                                                                              ;
+---------------------------------------+--------------------------------------------+---------------+-------------+------------+
; Assignment Name                       ; Value                                      ; Default Value ; Entity Name ; Section Id ;
+---------------------------------------+--------------------------------------------+---------------+-------------+------------+
; COMPILER_SIGNATURE_ID                 ; 13557697425263.153827809006080             ; --            ; --          ; --         ;
; CRC_ERROR_OPEN_DRAIN                  ; Off                                        ; On            ; --          ; --         ;
; MAX_CORE_JUNCTION_TEMP                ; 85                                         ; --            ; --          ; --         ;
; MIN_CORE_JUNCTION_TEMP                ; 0                                          ; --            ; --          ; --         ;
; MISC_FILE                             ; C:/Users/lema/Desktop/SD/ULA2.0/ulala.dpf  ; --            ; --          ; --         ;
; MISC_FILE                             ; C:/Users/frpmn/Desktop/SD/ULA2.0/ulala.dpf ; --            ; --          ; --         ;
; NOMINAL_CORE_SUPPLY_VOLTAGE           ; 1.2V                                       ; --            ; --          ; --         ;
; PARTITION_COLOR                       ; 16764057                                   ; --            ; ula         ; Top        ;
; PARTITION_NETLIST_TYPE                ; SOURCE                                     ; --            ; ula         ; Top        ;
; SEARCH_PATH                           ; db                                         ; --            ; --          ; --         ;
; SEARCH_PATH                           ; bloquinhos                                 ; --            ; --          ; --         ;
; SEARCH_PATH                           ; d:\projeto                                 ; --            ; --          ; --         ;
; SYNCHRONIZATION_REGISTER_CHAIN_LENGTH ; 2                                          ; 3             ; --          ; --         ;
; TOP_LEVEL_ENTITY                      ; ula                                        ; ulala         ; --          ; --         ;
+---------------------------------------+--------------------------------------------+---------------+-------------+------------+


+-------------------------------------------------------------------------------------------------------------------------------+
; Flow Elapsed Time                                                                                                             ;
+---------------------------+--------------+-------------------------+---------------------+------------------------------------+
; Module Name               ; Elapsed Time ; Average Processors Used ; Peak Virtual Memory ; Total CPU Time (on all processors) ;
+---------------------------+--------------+-------------------------+---------------------+------------------------------------+
; Analysis & Synthesis      ; 00:00:04     ; 1.0                     ; 225 MB              ; 00:00:03                           ;
; Fitter                    ; 00:00:16     ; 2.5                     ; 438 MB              ; 00:00:19                           ;
; Assembler                 ; 00:00:07     ; 1.0                     ; 438 MB              ; 00:00:05                           ;
; TimeQuest Timing Analyzer ; 00:00:04     ; 1.0                     ; 322 MB              ; 00:00:02                           ;
; Total                     ; 00:00:27     ; --                      ; --                  ; 00:00:27                           ;
+---------------------------+--------------+-------------------------+---------------------+------------------------------------+


+--------------------------------------------------------------------------------------------+
; Flow OS Summary                                                                            ;
+---------------------------+------------------+---------------+------------+----------------+
; Module Name               ; Machine Hostname ; OS Name       ; OS Version ; Processor type ;
+---------------------------+------------------+---------------+------------+----------------+
; Analysis & Synthesis      ; HWC09            ; Windows Vista ; 6.1        ; x86_64         ;
; Fitter                    ; HWC09            ; Windows Vista ; 6.1        ; x86_64         ;
; TimeQuest Timing Analyzer ; HWC09            ; Windows Vista ; 6.1        ; x86_64         ;
; Assembler                 ; HWC09            ; Windows Vista ; 6.1        ; x86_64         ;
+---------------------------+------------------+---------------+------------+----------------+


------------
; Flow Log ;
------------
quartus_map --read_settings_files=on --write_settings_files=off ulala -c ulala
quartus_fit --read_settings_files=off --write_settings_files=off ulala -c ulala
quartus_sta ulala -c ulala
quartus_asm --read_settings_files=off --write_settings_files=off ulala -c ulala



